2018-04-21 15:17:16.606  INFO 9200 --- [restartedMain] com.dzj.house.HouseApplication           : Starting HouseApplication on DESKTOP-MS8QNBH with PID 9200 (E:\web\house\house\target\classes started by DZJ in E:\web\house\house)
2018-04-21 15:17:16.623  INFO 9200 --- [restartedMain] com.dzj.house.HouseApplication           : No active profile set, falling back to default profiles: default
2018-04-21 15:17:16.708  INFO 9200 --- [restartedMain] ConfigServletWebServerApplicationContext : Refreshing org.springframework.boot.web.servlet.context.AnnotationConfigServletWebServerApplicationContext@2ccd577: startup date [Sat Apr 21 15:17:16 CST 2018]; root of context hierarchy
2018-04-21 15:17:17.500  WARN 9200 --- [restartedMain] o.m.s.mapper.ClassPathMapperScanner      : No MyBatis mapper was found in '[com.dzj.house]' package. Please check your configuration.
2018-04-21 15:17:17.532  INFO 9200 --- [restartedMain] .s.d.r.c.RepositoryConfigurationDelegate : Multiple Spring Data modules found, entering strict repository configuration mode!
2018-04-21 15:17:17.551  INFO 9200 --- [restartedMain] .s.d.r.c.RepositoryConfigurationDelegate : Multiple Spring Data modules found, entering strict repository configuration mode!
2018-04-21 15:17:17.913  INFO 9200 --- [restartedMain] trationDelegate$BeanPostProcessorChecker : Bean 'org.springframework.transaction.annotation.ProxyTransactionManagementConfiguration' of type [org.springframework.transaction.annotation.ProxyTransactionManagementConfiguration$$EnhancerBySpringCGLIB$$b223eb96] is not eligible for getting processed by all BeanPostProcessors (for example: not eligible for auto-proxying)
2018-04-21 15:17:18.099 ERROR 9200 --- [restartedMain] o.a.catalina.core.AprLifecycleListener   : An incompatible version [1.2.12] of the APR based Apache Tomcat Native library is installed, while Tomcat requires version [1.2.14]
2018-04-21 15:17:18.231  INFO 9200 --- [restartedMain] o.s.b.w.embedded.tomcat.TomcatWebServer  : Tomcat initialized with port(s): 8080 (http)
2018-04-21 15:17:18.243 ERROR 9200 --- [restartedMain] o.a.catalina.core.AprLifecycleListener   : An incompatible version [1.2.12] of the APR based Apache Tomcat Native library is installed, while Tomcat requires version [1.2.14]
2018-04-21 15:17:18.253  INFO 9200 --- [restartedMain] o.apache.catalina.core.StandardService   : Starting service [Tomcat]
2018-04-21 15:17:18.253  INFO 9200 --- [restartedMain] org.apache.catalina.core.StandardEngine  : Starting Servlet Engine: Apache Tomcat/8.5.29
2018-04-21 15:17:18.257 ERROR 9200 --- [localhost-startStop-1] o.a.catalina.core.AprLifecycleListener   : An incompatible version [1.2.12] of the APR based Apache Tomcat Native library is installed, while Tomcat requires version [1.2.14]
2018-04-21 15:17:18.346  INFO 9200 --- [localhost-startStop-1] o.a.c.c.C.[Tomcat].[localhost].[/]       : Initializing Spring embedded WebApplicationContext
2018-04-21 15:17:18.347  INFO 9200 --- [localhost-startStop-1] o.s.web.context.ContextLoader            : Root WebApplicationContext: initialization completed in 1639 ms
2018-04-21 15:17:18.468  INFO 9200 --- [localhost-startStop-1] o.s.b.w.servlet.ServletRegistrationBean  : Servlet dispatcherServlet mapped to [/]
2018-04-21 15:17:18.472  INFO 9200 --- [localhost-startStop-1] o.s.b.w.servlet.FilterRegistrationBean   : Mapping filter: 'characterEncodingFilter' to: [/*]
2018-04-21 15:17:18.472  INFO 9200 --- [localhost-startStop-1] o.s.b.w.servlet.FilterRegistrationBean   : Mapping filter: 'hiddenHttpMethodFilter' to: [/*]
2018-04-21 15:17:18.472  INFO 9200 --- [localhost-startStop-1] o.s.b.w.servlet.FilterRegistrationBean   : Mapping filter: 'httpPutFormContentFilter' to: [/*]
2018-04-21 15:17:18.473  INFO 9200 --- [localhost-startStop-1] o.s.b.w.servlet.FilterRegistrationBean   : Mapping filter: 'requestContextFilter' to: [/*]
2018-04-21 15:17:18.594  INFO 9200 --- [restartedMain] o.s.w.s.handler.SimpleUrlHandlerMapping  : Mapped URL path [/**/favicon.ico] onto handler of type [class org.springframework.web.servlet.resource.ResourceHttpRequestHandler]
2018-04-21 15:17:18.843  INFO 9200 --- [restartedMain] s.w.s.m.m.a.RequestMappingHandlerAdapter : Looking for @ControllerAdvice: org.springframework.boot.web.servlet.context.AnnotationConfigServletWebServerApplicationContext@2ccd577: startup date [Sat Apr 21 15:17:16 CST 2018]; root of context hierarchy
2018-04-21 15:17:18.893  INFO 9200 --- [restartedMain] s.w.s.m.m.a.RequestMappingHandlerMapping : Mapped "{[/test/upload],methods=[POST],consumes=[multipart/form-data]}" onto public void com.dzj.house.controller.Test.test(org.springframework.web.multipart.MultipartFile)
2018-04-21 15:17:18.896  INFO 9200 --- [restartedMain] s.w.s.m.m.a.RequestMappingHandlerMapping : Mapped "{[/error]}" onto public org.springframework.http.ResponseEntity<java.util.Map<java.lang.String, java.lang.Object>> org.springframework.boot.autoconfigure.web.servlet.error.BasicErrorController.error(javax.servlet.http.HttpServletRequest)
2018-04-21 15:17:18.897  INFO 9200 --- [restartedMain] s.w.s.m.m.a.RequestMappingHandlerMapping : Mapped "{[/error],produces=[text/html]}" onto public org.springframework.web.servlet.ModelAndView org.springframework.boot.autoconfigure.web.servlet.error.BasicErrorController.errorHtml(javax.servlet.http.HttpServletRequest,javax.servlet.http.HttpServletResponse)
2018-04-21 15:17:18.921  INFO 9200 --- [restartedMain] o.s.w.s.handler.SimpleUrlHandlerMapping  : Mapped URL path [/webjars/**] onto handler of type [class org.springframework.web.servlet.resource.ResourceHttpRequestHandler]
2018-04-21 15:17:18.921  INFO 9200 --- [restartedMain] o.s.w.s.handler.SimpleUrlHandlerMapping  : Mapped URL path [/**] onto handler of type [class org.springframework.web.servlet.resource.ResourceHttpRequestHandler]
2018-04-21 15:17:18.936  INFO 9200 --- [restartedMain] .m.m.a.ExceptionHandlerExceptionResolver : Detected @ExceptionHandler methods in globalExceptionHandle
2018-04-21 15:17:18.971  WARN 9200 --- [restartedMain] ion$DefaultTemplateResolverConfiguration : Cannot find template location: classpath:/templates/ (please add some templates or check your Thymeleaf configuration)
2018-04-21 15:17:20.036  INFO 9200 --- [restartedMain] o.s.b.d.a.OptionalLiveReloadServer       : LiveReload server is running on port 35729
2018-04-21 15:17:20.065  INFO 9200 --- [restartedMain] o.s.j.e.a.AnnotationMBeanExporter        : Registering beans for JMX exposure on startup
2018-04-21 15:17:20.067  INFO 9200 --- [restartedMain] o.s.j.e.a.AnnotationMBeanExporter        : Bean with name 'dataSource' has been autodetected for JMX exposure
2018-04-21 15:17:20.072  INFO 9200 --- [restartedMain] o.s.j.e.a.AnnotationMBeanExporter        : Located MBean 'dataSource': registering with JMX server as MBean [com.alibaba.druid.pool:name=dataSource,type=DruidDataSource]
2018-04-21 15:17:20.105  INFO 9200 --- [restartedMain] o.s.b.w.embedded.tomcat.TomcatWebServer  : Tomcat started on port(s): 8080 (http) with context path ''
2018-04-21 15:17:20.109  INFO 9200 --- [restartedMain] com.dzj.house.HouseApplication           : Started HouseApplication in 3.809 seconds (JVM running for 4.534)
2018-04-21 15:17:33.138 ERROR 9200 --- [http-nio-8080-exec-1] o.a.catalina.core.AprLifecycleListener   : An incompatible version [1.2.12] of the APR based Apache Tomcat Native library is installed, while Tomcat requires version [1.2.14]
2018-04-21 15:17:33.148  INFO 9200 --- [http-nio-8080-exec-1] o.apache.tomcat.util.http.parser.Cookie  : A cookie header was received [1524215726,1524216394] that contained an invalid cookie. That cookie will be ignored.Note: further occurrences of this error will be logged at DEBUG level.
2018-04-21 15:17:33.156  INFO 9200 --- [http-nio-8080-exec-1] o.a.c.c.C.[Tomcat].[localhost].[/]       : Initializing Spring FrameworkServlet 'dispatcherServlet'
2018-04-21 15:17:33.156  INFO 9200 --- [http-nio-8080-exec-1] o.s.web.servlet.DispatcherServlet        : FrameworkServlet 'dispatcherServlet': initialization started
2018-04-21 15:17:33.172  INFO 9200 --- [http-nio-8080-exec-1] o.s.web.servlet.DispatcherServlet        : FrameworkServlet 'dispatcherServlet': initialization completed in 16 ms
2018-04-21 15:17:33.486 ERROR 9200 --- [http-nio-8080-exec-3] o.a.catalina.core.AprLifecycleListener   : An incompatible version [1.2.12] of the APR based Apache Tomcat Native library is installed, while Tomcat requires version [1.2.14]
2018-04-21 15:17:33.488 ERROR 9200 --- [http-nio-8080-exec-5] o.a.catalina.core.AprLifecycleListener   : An incompatible version [1.2.12] of the APR based Apache Tomcat Native library is installed, while Tomcat requires version [1.2.14]
2018-04-21 15:17:33.490 ERROR 9200 --- [http-nio-8080-exec-4] o.a.catalina.core.AprLifecycleListener   : An incompatible version [1.2.12] of the APR based Apache Tomcat Native library is installed, while Tomcat requires version [1.2.14]
2018-04-21 15:17:33.495 ERROR 9200 --- [http-nio-8080-exec-8] o.a.catalina.core.AprLifecycleListener   : An incompatible version [1.2.12] of the APR based Apache Tomcat Native library is installed, while Tomcat requires version [1.2.14]
2018-04-21 15:17:33.502 ERROR 9200 --- [http-nio-8080-exec-6] o.a.catalina.core.AprLifecycleListener   : An incompatible version [1.2.12] of the APR based Apache Tomcat Native library is installed, while Tomcat requires version [1.2.14]
2018-04-21 15:17:58.303  INFO 9200 --- [RMI TCP Connection(2)-127.0.0.1] inMXBeanRegistrar$SpringApplicationAdmin : Application shutdown requested.
2018-04-21 15:17:58.303  INFO 9200 --- [RMI TCP Connection(2)-127.0.0.1] ConfigServletWebServerApplicationContext : Closing org.springframework.boot.web.servlet.context.AnnotationConfigServletWebServerApplicationContext@2ccd577: startup date [Sat Apr 21 15:17:16 CST 2018]; root of context hierarchy
2018-04-21 15:17:58.580  INFO 9200 --- [RMI TCP Connection(2)-127.0.0.1] o.s.j.e.a.AnnotationMBeanExporter        : Unregistering JMX-exposed beans on shutdown
2018-04-21 15:17:58.581  INFO 9200 --- [RMI TCP Connection(2)-127.0.0.1] o.s.j.e.a.AnnotationMBeanExporter        : Unregistering JMX-exposed beans
